<root>
<class chordsig="junit.framework.TestResult" line="2">
<method
 chordsig="&lt;init&gt;:()V@junit.framework.TestResult"
 sig="TestResult()"
 line="4"
 startpos="59"
 endpos="69"
>
	<newexpr line="4" chordsig="&lt;init&gt;:(Ljava/lang/String;)V@java.lang.RuntimeException" start="84" length="16" type="invoke">
			<expr><![CDATA[new RuntimeException("Stub!")]]></expr>
		<param  start="80" length="29" line="4">
			<expr><![CDATA[new RuntimeException("Stub!")]]></expr>
		</param>
		<param  start="101" length="7" line="4">
			<expr><![CDATA["Stub!"]]></expr>
		</param>
	</newexpr>
	<type  start="84" length="16" line="4" chordsig="java.lang.RuntimeException"/>
</method>
<method
 chordsig="addError:(Ljunit/framework/Test;Ljava/lang/Throwable;)V@junit.framework.TestResult"
 sig="void addError(Test,Throwable)"
 line="5"
 startpos="139"
 endpos="147"
>
	<marker line="-1" type="param">
		<operand  start="169" length="4" line="5">
			<expr><![CDATA[test]]></expr>
		</operand>
	</marker>
	<marker line="-1" type="param">
		<operand  start="195" length="1" line="5">
			<expr><![CDATA[t]]></expr>
		</operand>
	</marker>
	<type  start="148" length="20" line="5" chordsig="junit.framework.Test"/>
	<type  start="175" length="19" line="5" chordsig="java.lang.Throwable"/>
	<newexpr line="5" chordsig="&lt;init&gt;:(Ljava/lang/String;)V@java.lang.RuntimeException" start="210" length="16" type="invoke">
			<expr><![CDATA[new RuntimeException("Stub!")]]></expr>
		<param  start="206" length="29" line="5">
			<expr><![CDATA[new RuntimeException("Stub!")]]></expr>
		</param>
		<param  start="227" length="7" line="5">
			<expr><![CDATA["Stub!"]]></expr>
		</param>
	</newexpr>
	<type  start="210" length="16" line="5" chordsig="java.lang.RuntimeException"/>
</method>
<method
 chordsig="addFailure:(Ljunit/framework/Test;Ljunit/framework/AssertionFailedError;)V@junit.framework.TestResult"
 sig="void addFailure(Test,AssertionFailedError)"
 line="6"
 startpos="265"
 endpos="275"
>
	<marker line="-1" type="param">
		<operand  start="297" length="4" line="6">
			<expr><![CDATA[test]]></expr>
		</operand>
	</marker>
	<marker line="-1" type="param">
		<operand  start="340" length="1" line="6">
			<expr><![CDATA[t]]></expr>
		</operand>
	</marker>
	<type  start="276" length="20" line="6" chordsig="junit.framework.Test"/>
	<type  start="303" length="36" line="6" chordsig="junit.framework.AssertionFailedError"/>
	<newexpr line="6" chordsig="&lt;init&gt;:(Ljava/lang/String;)V@java.lang.RuntimeException" start="355" length="16" type="invoke">
			<expr><![CDATA[new RuntimeException("Stub!")]]></expr>
		<param  start="351" length="29" line="6">
			<expr><![CDATA[new RuntimeException("Stub!")]]></expr>
		</param>
		<param  start="372" length="7" line="6">
			<expr><![CDATA["Stub!"]]></expr>
		</param>
	</newexpr>
	<type  start="355" length="16" line="6" chordsig="java.lang.RuntimeException"/>
</method>
<method
 chordsig="addListener:(Ljunit/framework/TestListener;)V@junit.framework.TestResult"
 sig="void addListener(TestListener)"
 line="7"
 startpos="410"
 endpos="421"
>
	<marker line="-1" type="param">
		<operand  start="451" length="8" line="7">
			<expr><![CDATA[listener]]></expr>
		</operand>
	</marker>
	<type  start="422" length="28" line="7" chordsig="junit.framework.TestListener"/>
	<newexpr line="7" chordsig="&lt;init&gt;:(Ljava/lang/String;)V@java.lang.RuntimeException" start="473" length="16" type="invoke">
			<expr><![CDATA[new RuntimeException("Stub!")]]></expr>
		<param  start="469" length="29" line="7">
			<expr><![CDATA[new RuntimeException("Stub!")]]></expr>
		</param>
		<param  start="490" length="7" line="7">
			<expr><![CDATA["Stub!"]]></expr>
		</param>
	</newexpr>
	<type  start="473" length="16" line="7" chordsig="java.lang.RuntimeException"/>
</method>
<method
 chordsig="removeListener:(Ljunit/framework/TestListener;)V@junit.framework.TestResult"
 sig="void removeListener(TestListener)"
 line="8"
 startpos="528"
 endpos="542"
>
	<marker line="-1" type="param">
		<operand  start="572" length="8" line="8">
			<expr><![CDATA[listener]]></expr>
		</operand>
	</marker>
	<type  start="543" length="28" line="8" chordsig="junit.framework.TestListener"/>
	<newexpr line="8" chordsig="&lt;init&gt;:(Ljava/lang/String;)V@java.lang.RuntimeException" start="594" length="16" type="invoke">
			<expr><![CDATA[new RuntimeException("Stub!")]]></expr>
		<param  start="590" length="29" line="8">
			<expr><![CDATA[new RuntimeException("Stub!")]]></expr>
		</param>
		<param  start="611" length="7" line="8">
			<expr><![CDATA["Stub!"]]></expr>
		</param>
	</newexpr>
	<type  start="594" length="16" line="8" chordsig="java.lang.RuntimeException"/>
</method>
<method
 chordsig="endTest:(Ljunit/framework/Test;)V@junit.framework.TestResult"
 sig="void endTest(Test)"
 line="9"
 startpos="636"
 endpos="643"
>
	<marker line="-1" type="param">
		<operand  start="665" length="4" line="9">
			<expr><![CDATA[test]]></expr>
		</operand>
	</marker>
	<type  start="644" length="20" line="9" chordsig="junit.framework.Test"/>
	<newexpr line="9" chordsig="&lt;init&gt;:(Ljava/lang/String;)V@java.lang.RuntimeException" start="683" length="16" type="invoke">
			<expr><![CDATA[new RuntimeException("Stub!")]]></expr>
		<param  start="679" length="29" line="9">
			<expr><![CDATA[new RuntimeException("Stub!")]]></expr>
		</param>
		<param  start="700" length="7" line="9">
			<expr><![CDATA["Stub!"]]></expr>
		</param>
	</newexpr>
	<type  start="683" length="16" line="9" chordsig="java.lang.RuntimeException"/>
</method>
<method
 chordsig="errorCount:()I@junit.framework.TestResult"
 sig="int errorCount()"
 line="10"
 startpos="737"
 endpos="747"
>
	<newexpr line="10" chordsig="&lt;init&gt;:(Ljava/lang/String;)V@java.lang.RuntimeException" start="762" length="16" type="invoke">
			<expr><![CDATA[new RuntimeException("Stub!")]]></expr>
		<param  start="758" length="29" line="10">
			<expr><![CDATA[new RuntimeException("Stub!")]]></expr>
		</param>
		<param  start="779" length="7" line="10">
			<expr><![CDATA["Stub!"]]></expr>
		</param>
	</newexpr>
	<type  start="762" length="16" line="10" chordsig="java.lang.RuntimeException"/>
</method>
<method
 chordsig="errors:()Ljava/util/Enumeration;@junit.framework.TestResult"
 sig="Enumeration&lt;TestFailure&gt; errors()"
 line="11"
 startpos="863"
 endpos="869"
>
	<type  start="812" length="21" line="11" chordsig="java.util.Enumeration"/>
	<type  start="834" length="27" line="11" chordsig="junit.framework.TestFailure"/>
	<newexpr line="11" chordsig="&lt;init&gt;:(Ljava/lang/String;)V@java.lang.RuntimeException" start="884" length="16" type="invoke">
			<expr><![CDATA[new RuntimeException("Stub!")]]></expr>
		<param  start="880" length="29" line="11">
			<expr><![CDATA[new RuntimeException("Stub!")]]></expr>
		</param>
		<param  start="901" length="7" line="11">
			<expr><![CDATA["Stub!"]]></expr>
		</param>
	</newexpr>
	<type  start="884" length="16" line="11" chordsig="java.lang.RuntimeException"/>
</method>
<method
 chordsig="failureCount:()I@junit.framework.TestResult"
 sig="int failureCount()"
 line="12"
 startpos="938"
 endpos="950"
>
	<newexpr line="12" chordsig="&lt;init&gt;:(Ljava/lang/String;)V@java.lang.RuntimeException" start="965" length="16" type="invoke">
			<expr><![CDATA[new RuntimeException("Stub!")]]></expr>
		<param  start="961" length="29" line="12">
			<expr><![CDATA[new RuntimeException("Stub!")]]></expr>
		</param>
		<param  start="982" length="7" line="12">
			<expr><![CDATA["Stub!"]]></expr>
		</param>
	</newexpr>
	<type  start="965" length="16" line="12" chordsig="java.lang.RuntimeException"/>
</method>
<method
 chordsig="failures:()Ljava/util/Enumeration;@junit.framework.TestResult"
 sig="Enumeration&lt;TestFailure&gt; failures()"
 line="13"
 startpos="1066"
 endpos="1074"
>
	<type  start="1015" length="21" line="13" chordsig="java.util.Enumeration"/>
	<type  start="1037" length="27" line="13" chordsig="junit.framework.TestFailure"/>
	<newexpr line="13" chordsig="&lt;init&gt;:(Ljava/lang/String;)V@java.lang.RuntimeException" start="1089" length="16" type="invoke">
			<expr><![CDATA[new RuntimeException("Stub!")]]></expr>
		<param  start="1085" length="29" line="13">
			<expr><![CDATA[new RuntimeException("Stub!")]]></expr>
		</param>
		<param  start="1106" length="7" line="13">
			<expr><![CDATA["Stub!"]]></expr>
		</param>
	</newexpr>
	<type  start="1089" length="16" line="13" chordsig="java.lang.RuntimeException"/>
</method>
<method
 chordsig="run:(Ljunit/framework/TestCase;)V@junit.framework.TestResult"
 sig="void run(TestCase)"
 line="14"
 startpos="1134"
 endpos="1137"
>
	<marker line="-1" type="param">
		<operand  start="1163" length="4" line="14">
			<expr><![CDATA[test]]></expr>
		</operand>
	</marker>
	<type  start="1138" length="24" line="14" chordsig="junit.framework.TestCase"/>
	<newexpr line="14" chordsig="&lt;init&gt;:(Ljava/lang/String;)V@java.lang.RuntimeException" start="1181" length="16" type="invoke">
			<expr><![CDATA[new RuntimeException("Stub!")]]></expr>
		<param  start="1177" length="29" line="14">
			<expr><![CDATA[new RuntimeException("Stub!")]]></expr>
		</param>
		<param  start="1198" length="7" line="14">
			<expr><![CDATA["Stub!"]]></expr>
		</param>
	</newexpr>
	<type  start="1181" length="16" line="14" chordsig="java.lang.RuntimeException"/>
</method>
<method
 chordsig="runCount:()I@junit.framework.TestResult"
 sig="int runCount()"
 line="15"
 startpos="1235"
 endpos="1243"
>
	<newexpr line="15" chordsig="&lt;init&gt;:(Ljava/lang/String;)V@java.lang.RuntimeException" start="1258" length="16" type="invoke">
			<expr><![CDATA[new RuntimeException("Stub!")]]></expr>
		<param  start="1254" length="29" line="15">
			<expr><![CDATA[new RuntimeException("Stub!")]]></expr>
		</param>
		<param  start="1275" length="7" line="15">
			<expr><![CDATA["Stub!"]]></expr>
		</param>
	</newexpr>
	<type  start="1258" length="16" line="15" chordsig="java.lang.RuntimeException"/>
</method>
<method
 chordsig="runProtected:(Ljunit/framework/Test;Ljunit/framework/Protectable;)V@junit.framework.TestResult"
 sig="void runProtected(Test,Protectable)"
 line="16"
 startpos="1300"
 endpos="1312"
>
	<marker line="-1" type="param">
		<operand  start="1334" length="4" line="16">
			<expr><![CDATA[test]]></expr>
		</operand>
	</marker>
	<marker line="-1" type="param">
		<operand  start="1368" length="1" line="16">
			<expr><![CDATA[p]]></expr>
		</operand>
	</marker>
	<type  start="1313" length="20" line="16" chordsig="junit.framework.Test"/>
	<type  start="1340" length="27" line="16" chordsig="junit.framework.Protectable"/>
	<newexpr line="16" chordsig="&lt;init&gt;:(Ljava/lang/String;)V@java.lang.RuntimeException" start="1383" length="16" type="invoke">
			<expr><![CDATA[new RuntimeException("Stub!")]]></expr>
		<param  start="1379" length="29" line="16">
			<expr><![CDATA[new RuntimeException("Stub!")]]></expr>
		</param>
		<param  start="1400" length="7" line="16">
			<expr><![CDATA["Stub!"]]></expr>
		</param>
	</newexpr>
	<type  start="1383" length="16" line="16" chordsig="java.lang.RuntimeException"/>
</method>
<method
 chordsig="shouldStop:()Z@junit.framework.TestResult"
 sig="boolean shouldStop()"
 line="17"
 startpos="1441"
 endpos="1451"
>
	<newexpr line="17" chordsig="&lt;init&gt;:(Ljava/lang/String;)V@java.lang.RuntimeException" start="1466" length="16" type="invoke">
			<expr><![CDATA[new RuntimeException("Stub!")]]></expr>
		<param  start="1462" length="29" line="17">
			<expr><![CDATA[new RuntimeException("Stub!")]]></expr>
		</param>
		<param  start="1483" length="7" line="17">
			<expr><![CDATA["Stub!"]]></expr>
		</param>
	</newexpr>
	<type  start="1466" length="16" line="17" chordsig="java.lang.RuntimeException"/>
</method>
<method
 chordsig="startTest:(Ljunit/framework/Test;)V@junit.framework.TestResult"
 sig="void startTest(Test)"
 line="18"
 startpos="1508"
 endpos="1517"
>
	<marker line="-1" type="param">
		<operand  start="1539" length="4" line="18">
			<expr><![CDATA[test]]></expr>
		</operand>
	</marker>
	<type  start="1518" length="20" line="18" chordsig="junit.framework.Test"/>
	<newexpr line="18" chordsig="&lt;init&gt;:(Ljava/lang/String;)V@java.lang.RuntimeException" start="1557" length="16" type="invoke">
			<expr><![CDATA[new RuntimeException("Stub!")]]></expr>
		<param  start="1553" length="29" line="18">
			<expr><![CDATA[new RuntimeException("Stub!")]]></expr>
		</param>
		<param  start="1574" length="7" line="18">
			<expr><![CDATA["Stub!"]]></expr>
		</param>
	</newexpr>
	<type  start="1557" length="16" line="18" chordsig="java.lang.RuntimeException"/>
</method>
<method
 chordsig="stop:()V@junit.framework.TestResult"
 sig="void stop()"
 line="19"
 startpos="1612"
 endpos="1616"
>
	<newexpr line="19" chordsig="&lt;init&gt;:(Ljava/lang/String;)V@java.lang.RuntimeException" start="1631" length="16" type="invoke">
			<expr><![CDATA[new RuntimeException("Stub!")]]></expr>
		<param  start="1627" length="29" line="19">
			<expr><![CDATA[new RuntimeException("Stub!")]]></expr>
		</param>
		<param  start="1648" length="7" line="19">
			<expr><![CDATA["Stub!"]]></expr>
		</param>
	</newexpr>
	<type  start="1631" length="16" line="19" chordsig="java.lang.RuntimeException"/>
</method>
<method
 chordsig="wasSuccessful:()Z@junit.framework.TestResult"
 sig="boolean wasSuccessful()"
 line="20"
 startpos="1689"
 endpos="1702"
>
	<newexpr line="20" chordsig="&lt;init&gt;:(Ljava/lang/String;)V@java.lang.RuntimeException" start="1717" length="16" type="invoke">
			<expr><![CDATA[new RuntimeException("Stub!")]]></expr>
		<param  start="1713" length="29" line="20">
			<expr><![CDATA[new RuntimeException("Stub!")]]></expr>
		</param>
		<param  start="1734" length="7" line="20">
			<expr><![CDATA["Stub!"]]></expr>
		</param>
	</newexpr>
	<type  start="1717" length="16" line="20" chordsig="java.lang.RuntimeException"/>
</method>
	<type  start="1756" length="16" line="21" chordsig="java.util.Vector"/>
	<type  start="1773" length="27" line="21" chordsig="junit.framework.TestFailure"/>
	<type  start="1823" length="16" line="22" chordsig="java.util.Vector"/>
	<type  start="1840" length="27" line="22" chordsig="junit.framework.TestFailure"/>
	<type  start="1888" length="16" line="23" chordsig="java.util.Vector"/>
	<type  start="1905" length="28" line="23" chordsig="junit.framework.TestListener"/>
</class>
</root>
