<root>
<class chordsig="junit.framework.TestResult" line="2">
<method
 chordsig="&lt;init&gt;:()V@junit.framework.TestResult"
 sig="TestResult()"
 line="4"
 startpos="59"
 endpos="69"
>
	<newexpr line="4" chordsig="&lt;init&gt;:(Ljava/lang/String;)V@java.lang.RuntimeException" start="84" length="16" type="invoke">
			<expr><![CDATA[new RuntimeException("Stub!")]]></expr>
		<param  start="80" length="29" line="4">
			<expr><![CDATA[new RuntimeException("Stub!")]]></expr>
		</param>
		<param  start="101" length="7" line="4">
			<expr><![CDATA["Stub!"]]></expr>
		</param>
	</newexpr>
	<type  start="84" length="16" line="4" chordsig="java.lang.RuntimeException"/>
</method>
<method
 chordsig="addError:(Ljunit/framework/Test;Ljava/lang/Throwable;)V@junit.framework.TestResult"
 sig="void addError(Test,Throwable)"
 line="5"
 startpos="139"
 endpos="147"
>
	<marker line="-1" type="param">
		<operand  start="169" length="4" line="5">
			<expr><![CDATA[test]]></expr>
		</operand>
	</marker>
	<marker line="-1" type="param">
		<operand  start="195" length="1" line="5">
			<expr><![CDATA[t]]></expr>
		</operand>
	</marker>
	<type  start="148" length="20" line="5" chordsig="junit.framework.Test"/>
	<type  start="175" length="19" line="5" chordsig="java.lang.Throwable"/>
	<newexpr line="5" chordsig="&lt;init&gt;:(Ljava/lang/String;)V@java.lang.RuntimeException" start="210" length="16" type="invoke">
			<expr><![CDATA[new RuntimeException("Stub!")]]></expr>
		<param  start="206" length="29" line="5">
			<expr><![CDATA[new RuntimeException("Stub!")]]></expr>
		</param>
		<param  start="227" length="7" line="5">
			<expr><![CDATA["Stub!"]]></expr>
		</param>
	</newexpr>
	<type  start="210" length="16" line="5" chordsig="java.lang.RuntimeException"/>
</method>
<method
 chordsig="addFailure:(Ljunit/framework/Test;Ljunit/framework/AssertionFailedError;)V@junit.framework.TestResult"
 sig="void addFailure(Test,AssertionFailedError)"
 line="6"
 startpos="265"
 endpos="275"
>
	<marker line="-1" type="param">
		<operand  start="297" length="4" line="6">
			<expr><![CDATA[test]]></expr>
		</operand>
	</marker>
	<marker line="-1" type="param">
		<operand  start="340" length="1" line="6">
			<expr><![CDATA[t]]></expr>
		</operand>
	</marker>
	<type  start="276" length="20" line="6" chordsig="junit.framework.Test"/>
	<type  start="303" length="36" line="6" chordsig="junit.framework.AssertionFailedError"/>
	<newexpr line="6" chordsig="&lt;init&gt;:(Ljava/lang/String;)V@java.lang.RuntimeException" start="355" length="16" type="invoke">
			<expr><![CDATA[new RuntimeException("Stub!")]]></expr>
		<param  start="351" length="29" line="6">
			<expr><![CDATA[new RuntimeException("Stub!")]]></expr>
		</param>
		<param  start="372" length="7" line="6">
			<expr><![CDATA["Stub!"]]></expr>
		</param>
	</newexpr>
	<type  start="355" length="16" line="6" chordsig="java.lang.RuntimeException"/>
</method>
<method
 chordsig="addListener:(Ljunit/framework/TestListener;)V@junit.framework.TestResult"
 sig="void addListener(TestListener)"
 line="7"
 startpos="410"
 endpos="421"
>
	<marker line="-1" type="param">
		<operand  start="451" length="8" line="7">
			<expr><![CDATA[listener]]></expr>
		</operand>
	</marker>
	<type  start="422" length="28" line="7" chordsig="junit.framework.TestListener"/>
	<newexpr line="7" chordsig="&lt;init&gt;:(Ljava/lang/String;)V@java.lang.RuntimeException" start="473" length="16" type="invoke">
			<expr><![CDATA[new RuntimeException("Stub!")]]></expr>
		<param  start="469" length="29" line="7">
			<expr><![CDATA[new RuntimeException("Stub!")]]></expr>
		</param>
		<param  start="490" length="7" line="7">
			<expr><![CDATA["Stub!"]]></expr>
		</param>
	</newexpr>
	<type  start="473" length="16" line="7" chordsig="java.lang.RuntimeException"/>
</method>
<method
 chordsig="removeListener:(Ljunit/framework/TestListener;)V@junit.framework.TestResult"
 sig="void removeListener(TestListener)"
 line="8"
 startpos="528"
 endpos="542"
>
	<marker line="-1" type="param">
		<operand  start="572" length="8" line="8">
			<expr><![CDATA[listener]]></expr>
		</operand>
	</marker>
	<type  start="543" length="28" line="8" chordsig="junit.framework.TestListener"/>
	<newexpr line="8" chordsig="&lt;init&gt;:(Ljava/lang/String;)V@java.lang.RuntimeException" start="594" length="16" type="invoke">
			<expr><![CDATA[new RuntimeException("Stub!")]]></expr>
		<param  start="590" length="29" line="8">
			<expr><![CDATA[new RuntimeException("Stub!")]]></expr>
		</param>
		<param  start="611" length="7" line="8">
			<expr><![CDATA["Stub!"]]></expr>
		</param>
	</newexpr>
	<type  start="594" length="16" line="8" chordsig="java.lang.RuntimeException"/>
</method>
<method
 chordsig="endTest:(Ljunit/framework/Test;)V@junit.framework.TestResult"
 sig="void endTest(Test)"
 line="9"
 startpos="636"
 endpos="643"
>
	<marker line="-1" type="param">
		<operand  start="665" length="4" line="9">
			<expr><![CDATA[test]]></expr>
		</operand>
	</marker>
	<type  start="644" length="20" line="9" chordsig="junit.framework.Test"/>
	<newexpr line="9" chordsig="&lt;init&gt;:(Ljava/lang/String;)V@java.lang.RuntimeException" start="683" length="16" type="invoke">
			<expr><![CDATA[new RuntimeException("Stub!")]]></expr>
		<param  start="679" length="29" line="9">
			<expr><![CDATA[new RuntimeException("Stub!")]]></expr>
		</param>
		<param  start="700" length="7" line="9">
			<expr><![CDATA["Stub!"]]></expr>
		</param>
	</newexpr>
	<type  start="683" length="16" line="9" chordsig="java.lang.RuntimeException"/>
</method>
<method
 chordsig="errorCount:()I@junit.framework.TestResult"
 sig="int errorCount()"
 line="10"
 startpos="737"
 endpos="747"
>
	<newexpr line="10" chordsig="&lt;init&gt;:(Ljava/lang/String;)V@java.lang.RuntimeException" start="762" length="16" type="invoke">
			<expr><![CDATA[new RuntimeException("Stub!")]]></expr>
		<param  start="758" length="29" line="10">
			<expr><![CDATA[new RuntimeException("Stub!")]]></expr>
		</param>
		<param  start="779" length="7" line="10">
			<expr><![CDATA["Stub!"]]></expr>
		</param>
	</newexpr>
	<type  start="762" length="16" line="10" chordsig="java.lang.RuntimeException"/>
</method>
<method
 chordsig="errors:()Ljava/util/Enumeration;@junit.framework.TestResult"
 sig="Enumeration errors()"
 line="11"
 startpos="834"
 endpos="840"
>
	<type  start="812" length="21" line="11" chordsig="java.util.Enumeration"/>
	<newexpr line="11" chordsig="&lt;init&gt;:(Ljava/lang/String;)V@java.lang.RuntimeException" start="855" length="16" type="invoke">
			<expr><![CDATA[new RuntimeException("Stub!")]]></expr>
		<param  start="851" length="29" line="11">
			<expr><![CDATA[new RuntimeException("Stub!")]]></expr>
		</param>
		<param  start="872" length="7" line="11">
			<expr><![CDATA["Stub!"]]></expr>
		</param>
	</newexpr>
	<type  start="855" length="16" line="11" chordsig="java.lang.RuntimeException"/>
</method>
<method
 chordsig="failureCount:()I@junit.framework.TestResult"
 sig="int failureCount()"
 line="12"
 startpos="909"
 endpos="921"
>
	<newexpr line="12" chordsig="&lt;init&gt;:(Ljava/lang/String;)V@java.lang.RuntimeException" start="936" length="16" type="invoke">
			<expr><![CDATA[new RuntimeException("Stub!")]]></expr>
		<param  start="932" length="29" line="12">
			<expr><![CDATA[new RuntimeException("Stub!")]]></expr>
		</param>
		<param  start="953" length="7" line="12">
			<expr><![CDATA["Stub!"]]></expr>
		</param>
	</newexpr>
	<type  start="936" length="16" line="12" chordsig="java.lang.RuntimeException"/>
</method>
<method
 chordsig="failures:()Ljava/util/Enumeration;@junit.framework.TestResult"
 sig="Enumeration failures()"
 line="13"
 startpos="1008"
 endpos="1016"
>
	<type  start="986" length="21" line="13" chordsig="java.util.Enumeration"/>
	<newexpr line="13" chordsig="&lt;init&gt;:(Ljava/lang/String;)V@java.lang.RuntimeException" start="1031" length="16" type="invoke">
			<expr><![CDATA[new RuntimeException("Stub!")]]></expr>
		<param  start="1027" length="29" line="13">
			<expr><![CDATA[new RuntimeException("Stub!")]]></expr>
		</param>
		<param  start="1048" length="7" line="13">
			<expr><![CDATA["Stub!"]]></expr>
		</param>
	</newexpr>
	<type  start="1031" length="16" line="13" chordsig="java.lang.RuntimeException"/>
</method>
<method
 chordsig="run:(Ljunit/framework/TestCase;)V@junit.framework.TestResult"
 sig="void run(TestCase)"
 line="14"
 startpos="1076"
 endpos="1079"
>
	<marker line="-1" type="param">
		<operand  start="1105" length="4" line="14">
			<expr><![CDATA[test]]></expr>
		</operand>
	</marker>
	<type  start="1080" length="24" line="14" chordsig="junit.framework.TestCase"/>
	<newexpr line="14" chordsig="&lt;init&gt;:(Ljava/lang/String;)V@java.lang.RuntimeException" start="1123" length="16" type="invoke">
			<expr><![CDATA[new RuntimeException("Stub!")]]></expr>
		<param  start="1119" length="29" line="14">
			<expr><![CDATA[new RuntimeException("Stub!")]]></expr>
		</param>
		<param  start="1140" length="7" line="14">
			<expr><![CDATA["Stub!"]]></expr>
		</param>
	</newexpr>
	<type  start="1123" length="16" line="14" chordsig="java.lang.RuntimeException"/>
</method>
<method
 chordsig="runCount:()I@junit.framework.TestResult"
 sig="int runCount()"
 line="15"
 startpos="1177"
 endpos="1185"
>
	<newexpr line="15" chordsig="&lt;init&gt;:(Ljava/lang/String;)V@java.lang.RuntimeException" start="1200" length="16" type="invoke">
			<expr><![CDATA[new RuntimeException("Stub!")]]></expr>
		<param  start="1196" length="29" line="15">
			<expr><![CDATA[new RuntimeException("Stub!")]]></expr>
		</param>
		<param  start="1217" length="7" line="15">
			<expr><![CDATA["Stub!"]]></expr>
		</param>
	</newexpr>
	<type  start="1200" length="16" line="15" chordsig="java.lang.RuntimeException"/>
</method>
<method
 chordsig="runProtected:(Ljunit/framework/Test;Ljunit/framework/Protectable;)V@junit.framework.TestResult"
 sig="void runProtected(Test,Protectable)"
 line="16"
 startpos="1242"
 endpos="1254"
>
	<marker line="-1" type="param">
		<operand  start="1276" length="4" line="16">
			<expr><![CDATA[test]]></expr>
		</operand>
	</marker>
	<marker line="-1" type="param">
		<operand  start="1310" length="1" line="16">
			<expr><![CDATA[p]]></expr>
		</operand>
	</marker>
	<type  start="1255" length="20" line="16" chordsig="junit.framework.Test"/>
	<type  start="1282" length="27" line="16" chordsig="junit.framework.Protectable"/>
	<newexpr line="16" chordsig="&lt;init&gt;:(Ljava/lang/String;)V@java.lang.RuntimeException" start="1325" length="16" type="invoke">
			<expr><![CDATA[new RuntimeException("Stub!")]]></expr>
		<param  start="1321" length="29" line="16">
			<expr><![CDATA[new RuntimeException("Stub!")]]></expr>
		</param>
		<param  start="1342" length="7" line="16">
			<expr><![CDATA["Stub!"]]></expr>
		</param>
	</newexpr>
	<type  start="1325" length="16" line="16" chordsig="java.lang.RuntimeException"/>
</method>
<method
 chordsig="shouldStop:()Z@junit.framework.TestResult"
 sig="boolean shouldStop()"
 line="17"
 startpos="1383"
 endpos="1393"
>
	<newexpr line="17" chordsig="&lt;init&gt;:(Ljava/lang/String;)V@java.lang.RuntimeException" start="1408" length="16" type="invoke">
			<expr><![CDATA[new RuntimeException("Stub!")]]></expr>
		<param  start="1404" length="29" line="17">
			<expr><![CDATA[new RuntimeException("Stub!")]]></expr>
		</param>
		<param  start="1425" length="7" line="17">
			<expr><![CDATA["Stub!"]]></expr>
		</param>
	</newexpr>
	<type  start="1408" length="16" line="17" chordsig="java.lang.RuntimeException"/>
</method>
<method
 chordsig="startTest:(Ljunit/framework/Test;)V@junit.framework.TestResult"
 sig="void startTest(Test)"
 line="18"
 startpos="1450"
 endpos="1459"
>
	<marker line="-1" type="param">
		<operand  start="1481" length="4" line="18">
			<expr><![CDATA[test]]></expr>
		</operand>
	</marker>
	<type  start="1460" length="20" line="18" chordsig="junit.framework.Test"/>
	<newexpr line="18" chordsig="&lt;init&gt;:(Ljava/lang/String;)V@java.lang.RuntimeException" start="1499" length="16" type="invoke">
			<expr><![CDATA[new RuntimeException("Stub!")]]></expr>
		<param  start="1495" length="29" line="18">
			<expr><![CDATA[new RuntimeException("Stub!")]]></expr>
		</param>
		<param  start="1516" length="7" line="18">
			<expr><![CDATA["Stub!"]]></expr>
		</param>
	</newexpr>
	<type  start="1499" length="16" line="18" chordsig="java.lang.RuntimeException"/>
</method>
<method
 chordsig="stop:()V@junit.framework.TestResult"
 sig="void stop()"
 line="19"
 startpos="1554"
 endpos="1558"
>
	<newexpr line="19" chordsig="&lt;init&gt;:(Ljava/lang/String;)V@java.lang.RuntimeException" start="1573" length="16" type="invoke">
			<expr><![CDATA[new RuntimeException("Stub!")]]></expr>
		<param  start="1569" length="29" line="19">
			<expr><![CDATA[new RuntimeException("Stub!")]]></expr>
		</param>
		<param  start="1590" length="7" line="19">
			<expr><![CDATA["Stub!"]]></expr>
		</param>
	</newexpr>
	<type  start="1573" length="16" line="19" chordsig="java.lang.RuntimeException"/>
</method>
<method
 chordsig="wasSuccessful:()Z@junit.framework.TestResult"
 sig="boolean wasSuccessful()"
 line="20"
 startpos="1631"
 endpos="1644"
>
	<newexpr line="20" chordsig="&lt;init&gt;:(Ljava/lang/String;)V@java.lang.RuntimeException" start="1659" length="16" type="invoke">
			<expr><![CDATA[new RuntimeException("Stub!")]]></expr>
		<param  start="1655" length="29" line="20">
			<expr><![CDATA[new RuntimeException("Stub!")]]></expr>
		</param>
		<param  start="1676" length="7" line="20">
			<expr><![CDATA["Stub!"]]></expr>
		</param>
	</newexpr>
	<type  start="1659" length="16" line="20" chordsig="java.lang.RuntimeException"/>
</method>
	<type  start="1698" length="16" line="21" chordsig="java.util.Vector"/>
	<type  start="1736" length="16" line="22" chordsig="java.util.Vector"/>
	<type  start="1772" length="16" line="23" chordsig="java.util.Vector"/>
</class>
</root>
